<?xml version="1.0" encoding="UTF-8"?>
<testng-results ignored="0" total="1" passed="1" failed="0" skipped="0">
  <reporter-output>
  </reporter-output>
  <suite started-at="2021-12-30T12:28:33Z" name="Default suite" finished-at="2021-12-30T12:28:47Z" duration-ms="13710">
    <groups>
    </groups>
    <test started-at="2021-12-30T12:28:33Z" name="Default test" finished-at="2021-12-30T12:28:47Z" duration-ms="13710">
      <class name="maven.ParameterTest">
        <test-method signature="Test1()[pri:0, instance:maven.ParameterTest@68f4865]" started-at="2021-12-30T12:28:33Z" name="Test1" finished-at="2021-12-30T12:28:47Z" duration-ms="13667" status="PASS">
          <reporter-output>
          </reporter-output>
        </test-method> <!-- Test1 -->
      </class> <!-- maven.ParameterTest -->
    </test> <!-- Default test -->
  </suite> <!-- Default suite -->
</testng-results>
